[2022-07-03 15:02:44,002] INFO [GroupMetadataManager brokerId=0] Group console-consumer-99588 transitioned to Dead in generation 2 (kafka.coordinator.group.GroupMetadataManager)
[2022-07-03 15:02:49,819] INFO [GroupCoordinator 0]: Dynamic Member with unknown member id joins group velib-monitor-stations in Empty state. Created a new member id kafka-python-2.0.2-dd9cc1f4-2f69-4df5-a96f-40ca9fae7140 for this member and add to the group. (kafka.coordinator.group.GroupCoordinator)
[2022-07-03 15:02:49,826] INFO [GroupCoordinator 0]: Preparing to rebalance group velib-monitor-stations in state PreparingRebalance with old generation 0 (__consumer_offsets-17) (reason: Adding new member kafka-python-2.0.2-dd9cc1f4-2f69-4df5-a96f-40ca9fae7140 with group instance id None; client reason: not provided) (kafka.coordinator.group.GroupCoordinator)
[2022-07-03 15:02:49,835] INFO [GroupCoordinator 0]: Stabilized group velib-monitor-stations generation 1 (__consumer_offsets-17) with 1 members (kafka.coordinator.group.GroupCoordinator)
[2022-07-03 15:02:49,847] INFO [GroupCoordinator 0]: Assignment received from leader kafka-python-2.0.2-dd9cc1f4-2f69-4df5-a96f-40ca9fae7140 for group velib-monitor-stations for generation 1. The group has 1 members, 0 of which are static. (kafka.coordinator.group.GroupCoordinator)
[2022-07-03 15:02:59,864] INFO [GroupCoordinator 0]: Member kafka-python-2.0.2-dd9cc1f4-2f69-4df5-a96f-40ca9fae7140 in group velib-monitor-stations has failed, removing it from the group (kafka.coordinator.group.GroupCoordinator)
[2022-07-03 15:02:59,886] INFO [GroupCoordinator 0]: Preparing to rebalance group velib-monitor-stations in state PreparingRebalance with old generation 1 (__consumer_offsets-17) (reason: removing member kafka-python-2.0.2-dd9cc1f4-2f69-4df5-a96f-40ca9fae7140 on heartbeat expiration) (kafka.coordinator.group.GroupCoordinator)
[2022-07-03 15:02:59,887] INFO [GroupCoordinator 0]: Group velib-monitor-stations with generation 2 is now empty (__consumer_offsets-17) (kafka.coordinator.group.GroupCoordinator)
[2022-07-03 15:03:30,898] INFO [GroupCoordinator 0]: Dynamic Member with unknown member id joins group velib-monitor-stations in Empty state. Created a new member id kafka-python-2.0.2-da18c1f7-d189-4281-845b-f654d0141b86 for this member and add to the group. (kafka.coordinator.group.GroupCoordinator)
[2022-07-03 15:03:30,899] INFO [GroupCoordinator 0]: Preparing to rebalance group velib-monitor-stations in state PreparingRebalance with old generation 2 (__consumer_offsets-17) (reason: Adding new member kafka-python-2.0.2-da18c1f7-d189-4281-845b-f654d0141b86 with group instance id None; client reason: not provided) (kafka.coordinator.group.GroupCoordinator)
[2022-07-03 15:03:30,901] INFO [GroupCoordinator 0]: Stabilized group velib-monitor-stations generation 3 (__consumer_offsets-17) with 1 members (kafka.coordinator.group.GroupCoordinator)
[2022-07-03 15:03:30,904] INFO [GroupCoordinator 0]: Assignment received from leader kafka-python-2.0.2-da18c1f7-d189-4281-845b-f654d0141b86 for group velib-monitor-stations for generation 3. The group has 1 members, 0 of which are static. (kafka.coordinator.group.GroupCoordinator)
[2022-07-03 15:03:40,906] INFO [GroupCoordinator 0]: Member kafka-python-2.0.2-da18c1f7-d189-4281-845b-f654d0141b86 in group velib-monitor-stations has failed, removing it from the group (kafka.coordinator.group.GroupCoordinator)
[2022-07-03 15:03:40,906] INFO [GroupCoordinator 0]: Preparing to rebalance group velib-monitor-stations in state PreparingRebalance with old generation 3 (__consumer_offsets-17) (reason: removing member kafka-python-2.0.2-da18c1f7-d189-4281-845b-f654d0141b86 on heartbeat expiration) (kafka.coordinator.group.GroupCoordinator)
[2022-07-03 15:03:40,907] INFO [GroupCoordinator 0]: Group velib-monitor-stations with generation 4 is now empty (__consumer_offsets-17) (kafka.coordinator.group.GroupCoordinator)
[2022-07-03 15:06:12,638] INFO [GroupCoordinator 0]: Dynamic Member with unknown member id joins group velib-monitor-stations in Empty state. Created a new member id kafka-python-2.0.2-423895cb-5ded-4c75-bb6e-93861b8f0f7c for this member and add to the group. (kafka.coordinator.group.GroupCoordinator)
[2022-07-03 15:06:12,639] INFO [GroupCoordinator 0]: Preparing to rebalance group velib-monitor-stations in state PreparingRebalance with old generation 4 (__consumer_offsets-17) (reason: Adding new member kafka-python-2.0.2-423895cb-5ded-4c75-bb6e-93861b8f0f7c with group instance id None; client reason: not provided) (kafka.coordinator.group.GroupCoordinator)
[2022-07-03 15:06:12,641] INFO [GroupCoordinator 0]: Stabilized group velib-monitor-stations generation 5 (__consumer_offsets-17) with 1 members (kafka.coordinator.group.GroupCoordinator)
[2022-07-03 15:06:12,645] INFO [GroupCoordinator 0]: Assignment received from leader kafka-python-2.0.2-423895cb-5ded-4c75-bb6e-93861b8f0f7c for group velib-monitor-stations for generation 5. The group has 1 members, 0 of which are static. (kafka.coordinator.group.GroupCoordinator)
[2022-07-03 15:07:24,447] INFO [GroupCoordinator 0]: Dynamic Member with unknown member id joins group velib-monitor-stations in Stable state. Created a new member id kafka-python-2.0.2-e27d9a8b-4ea4-48d4-9a35-7ee919328cf0 for this member and add to the group. (kafka.coordinator.group.GroupCoordinator)
[2022-07-03 15:07:24,448] INFO [GroupCoordinator 0]: Preparing to rebalance group velib-monitor-stations in state PreparingRebalance with old generation 5 (__consumer_offsets-17) (reason: Adding new member kafka-python-2.0.2-e27d9a8b-4ea4-48d4-9a35-7ee919328cf0 with group instance id None; client reason: not provided) (kafka.coordinator.group.GroupCoordinator)
[2022-07-03 15:07:32,666] INFO [GroupCoordinator 0]: Member kafka-python-2.0.2-423895cb-5ded-4c75-bb6e-93861b8f0f7c in group velib-monitor-stations has failed, removing it from the group (kafka.coordinator.group.GroupCoordinator)
[2022-07-03 15:07:32,669] INFO [GroupCoordinator 0]: Stabilized group velib-monitor-stations generation 6 (__consumer_offsets-17) with 1 members (kafka.coordinator.group.GroupCoordinator)
[2022-07-03 15:07:32,672] INFO [GroupCoordinator 0]: Assignment received from leader kafka-python-2.0.2-e27d9a8b-4ea4-48d4-9a35-7ee919328cf0 for group velib-monitor-stations for generation 6. The group has 1 members, 0 of which are static. (kafka.coordinator.group.GroupCoordinator)
